<?xml version="1.0" encoding="UTF-8"?>
<!-- Generated by org.testng.reporters.JUnitXMLReporter -->
<testsuite ignored="0" hostname="DESKTOP-D0V54AL" failures="0" tests="13" name="Default test" time="183.993" errors="0" timestamp="2022-11-03T16:38:00 PDT">
  <testcase classname="com.OrangeHRM_Application.LoginFunctionality" name="ValidationOfLogInPage" time="4.094"/>
  <testcase classname="com.OrangeHRM_Application.LoginFunctionality" name="Login" time="4.238"/>
  <testcase classname="com.OrangeHRM_Application.LoginFunctionality" name="ValidationOfAdminText" time="0.921"/>
  <testcase classname="com.OrangeHRM_Application.LoginFunctionality" name="goThrowPIMandAddEmployee" time="4.835"/>
  <testcase classname="com.OrangeHRM_Application.AddEmployeeFunctionality" name="AddEmployeeTextValidation" time="0.351"/>
  <testcase classname="com.OrangeHRM_Application.AddEmployeeFunctionality" name="AddEmployeeFuctionality" time="47.293"/>
  <testcase classname="com.OrangeHRM_Application.AddEmployeeFunctionality" name="ValidationOfEmployeeId" time="5.389"/>
  <testcase classname="com.OrangeHRM_Application.AddEmployeeFunctionality" name="ValidationOfFirstName" time="0.267"/>
  <testcase classname="com.OrangeHRM_Application.AddEmployeeFunctionality" name="ValidationOfMiddleName" time="0.285"/>
  <testcase classname="com.OrangeHRM_Application.AddEmployeeFunctionality" name="ValidationOfLastName" time="0.231"/>
  <testcase classname="com.OrangeHRM_Application.SaveEmployeeListInExcel" name="ClickOnEmployeeList" time="12.062"/>
  <testcase classname="com.OrangeHRM_Application.SaveEmployeeListInExcel" name="CapturingEmployeeListIntoExcel" time="95.905"/>
  <testcase classname="com.OrangeHRM_Application.SaveEmployeeListInExcel" name="Logout" time="0.002"/>
</testsuite> <!-- Default test -->
