<?xml version="1.0" encoding="UTF-8"?>
<!-- Generated by org.testng.reporters.JUnitXMLReporter -->
<testsuite ignored="0" hostname="DESKTOP-D0V54AL" failures="0" tests="10" name="AddEmployee" time="42.736" errors="0" timestamp="2022-11-01T06:42:27 PDT">
  <testcase classname="com.OrangeHRM_Application.LoginFunctionality" name="ValidationOfLogInPage" time="0.224"/>
  <testcase classname="com.OrangeHRM_Application.LoginFunctionality" name="Login" time="3.949"/>
  <testcase classname="com.OrangeHRM_Application.LoginFunctionality" name="ValidationOfAdminText" time="0.239"/>
  <testcase classname="com.OrangeHRM_Application.LoginFunctionality" name="goThrowPIMandAddEmployee" time="2.484"/>
  <testcase classname="com.OrangeHRM_Application.AddEmployeeFunctionality" name="AddEmployeeTextValidation" time="0.206"/>
  <testcase classname="com.OrangeHRM_Application.AddEmployeeFunctionality" name="AddEmployeeFuctionality" time="27.569"/>
  <testcase classname="com.OrangeHRM_Application.AddEmployeeFunctionality" name="ValidationOfEmployeeId" time="2.423"/>
  <testcase classname="com.OrangeHRM_Application.AddEmployeeFunctionality" name="ValidationOfFirstName" time="0.134"/>
  <testcase classname="com.OrangeHRM_Application.AddEmployeeFunctionality" name="ValidationOfMiddleName" time="0.144"/>
  <testcase classname="com.OrangeHRM_Application.AddEmployeeFunctionality" name="ValidationOfLastName" time="0.123"/>
</testsuite> <!-- AddEmployee -->
