<?xml version="1.0" encoding="UTF-8"?>
<!-- Generated by org.testng.reporters.JUnitXMLReporter -->
<testsuite ignored="0" hostname="DESKTOP-D0V54AL" failures="0" tests="13" name="EmployeeList" time="259.092" errors="0" timestamp="2022-11-01T06:46:46 PDT">
  <testcase classname="com.OrangeHRM_Application.LoginFunctionality" name="ValidationOfLogInPage" time="0.154"/>
  <testcase classname="com.OrangeHRM_Application.LoginFunctionality" name="Login" time="2.23"/>
  <testcase classname="com.OrangeHRM_Application.LoginFunctionality" name="ValidationOfAdminText" time="0.329"/>
  <testcase classname="com.OrangeHRM_Application.LoginFunctionality" name="goThrowPIMandAddEmployee" time="3.034"/>
  <testcase classname="com.OrangeHRM_Application.AddEmployeeFunctionality" name="AddEmployeeTextValidation" time="0.125"/>
  <testcase classname="com.OrangeHRM_Application.AddEmployeeFunctionality" name="AddEmployeeFuctionality" time="25.244"/>
  <testcase classname="com.OrangeHRM_Application.AddEmployeeFunctionality" name="ValidationOfEmployeeId" time="3.05"/>
  <testcase classname="com.OrangeHRM_Application.AddEmployeeFunctionality" name="ValidationOfFirstName" time="0.137"/>
  <testcase classname="com.OrangeHRM_Application.AddEmployeeFunctionality" name="ValidationOfMiddleName" time="0.099"/>
  <testcase classname="com.OrangeHRM_Application.AddEmployeeFunctionality" name="ValidationOfLastName" time="0.178"/>
  <testcase classname="com.OrangeHRM_Application.SaveEmployeeListInExcel" name="ClickOnEmployeeList" time="11.002"/>
  <testcase classname="com.OrangeHRM_Application.SaveEmployeeListInExcel" name="CapturingEmployeeListIntoExcel" time="207.415"/>
  <testcase classname="com.OrangeHRM_Application.SaveEmployeeListInExcel" name="Logout" time="1.115"/>
</testsuite> <!-- EmployeeList -->
