<?xml version="1.0" encoding="UTF-8"?>
<!-- Generated by org.testng.reporters.JUnitXMLReporter -->
<testsuite ignored="0" hostname="DESKTOP-D0V54AL" failures="0" tests="4" name="LogInTest" time="15.185" errors="0" timestamp="2022-11-01T06:41:44 PDT">
  <testcase classname="com.OrangeHRM_Application.LoginFunctionality" name="ValidationOfLogInPage" time="2.862"/>
  <testcase classname="com.OrangeHRM_Application.LoginFunctionality" name="Login" time="2.868"/>
  <testcase classname="com.OrangeHRM_Application.LoginFunctionality" name="ValidationOfAdminText" time="0.366"/>
  <testcase classname="com.OrangeHRM_Application.LoginFunctionality" name="goThrowPIMandAddEmployee" time="3.077"/>
</testsuite> <!-- LogInTest -->
