<?xml version="1.0" encoding="UTF-8"?>
<!-- Generated by org.testng.reporters.JUnitXMLReporter -->
<testsuite ignored="4" hostname="DESKTOP-PKVSA89" failures="23" tests="27" name="ohrm" time="19.11" errors="0" timestamp="2022-10-28T00:10:48 GMT-07:00">
  <testcase classname="com.OrangeHRM_Application.LoginFunctionality" name="ValidationOfLogInPage" time="1.594"/>
  <testcase classname="com.OrangeHRM_Application.LoginFunctionality" name="Login" time="3.033"/>
  <testcase classname="com.OrangeHRM_Application.LoginFunctionality" name="ValidationOfAdminText" time="0.45"/>
  <testcase classname="com.OrangeHRM_Application.LoginFunctionality" name="goThrowPIMandAddEmployee" time="2.967"/>
  <testcase classname="com.OrangeHRM_Application.LoginFunctionality" name="ValidationOfLogInPage" time="0.095">
    <failure type="java.lang.NullPointerException" message="Cannot invoke &amp;quot;org.openqa.selenium.WebDriver.findElement(org.openqa.selenium.By)&amp;quot; because &amp;quot;this.dr&amp;quot; is null">
      <![CDATA[java.lang.NullPointerException: Cannot invoke "org.openqa.selenium.WebDriver.findElement(org.openqa.selenium.By)" because "this.dr" is null
at com.OrangeHRM_Application.LoginFunctionality.ValidationOfLogInPage(LoginFunctionality.java:56)
at java.base/java.util.ArrayList.forEach(ArrayList.java:1511)
... Removed 25 stack frames]]>
    </failure>
  </testcase> <!-- ValidationOfLogInPage -->
  <testcase classname="com.OrangeHRM_Application.LoginFunctionality" name="Login" time="0.137">
    <failure type="java.lang.NullPointerException" message="Cannot invoke &amp;quot;org.openqa.selenium.WebDriver.findElement(org.openqa.selenium.By)&amp;quot; because &amp;quot;this.dr&amp;quot; is null">
      <![CDATA[java.lang.NullPointerException: Cannot invoke "org.openqa.selenium.WebDriver.findElement(org.openqa.selenium.By)" because "this.dr" is null
at com.OrangeHRM_Application.LoginFunctionality.Login(LoginFunctionality.java:89)
at java.base/java.util.ArrayList.forEach(ArrayList.java:1511)
... Removed 25 stack frames]]>
    </failure>
  </testcase> <!-- Login -->
  <testcase classname="com.OrangeHRM_Application.LoginFunctionality" name="ValidationOfAdminText" time="0.084">
    <failure type="java.lang.NullPointerException" message="Cannot invoke &amp;quot;org.openqa.selenium.WebDriver.findElement(org.openqa.selenium.By)&amp;quot; because &amp;quot;this.dr&amp;quot; is null">
      <![CDATA[java.lang.NullPointerException: Cannot invoke "org.openqa.selenium.WebDriver.findElement(org.openqa.selenium.By)" because "this.dr" is null
at com.OrangeHRM_Application.LoginFunctionality.ValidationOfAdminText(LoginFunctionality.java:104)
at java.base/java.util.ArrayList.forEach(ArrayList.java:1511)
... Removed 25 stack frames]]>
    </failure>
  </testcase> <!-- ValidationOfAdminText -->
  <testcase classname="com.OrangeHRM_Application.LoginFunctionality" name="goThrowPIMandAddEmployee" time="0.007">
    <failure type="java.lang.NullPointerException" message="Cannot invoke &amp;quot;org.openqa.selenium.WebDriver.findElement(org.openqa.selenium.By)&amp;quot; because &amp;quot;this.dr&amp;quot; is null">
      <![CDATA[java.lang.NullPointerException: Cannot invoke "org.openqa.selenium.WebDriver.findElement(org.openqa.selenium.By)" because "this.dr" is null
at com.OrangeHRM_Application.LoginFunctionality.goThrowPIMandAddEmployee(LoginFunctionality.java:130)
at java.base/java.util.ArrayList.forEach(ArrayList.java:1511)
... Removed 25 stack frames]]>
    </failure>
  </testcase> <!-- goThrowPIMandAddEmployee -->
  <testcase classname="com.OrangeHRM_Application.AddEmployeeFunctionality" name="AddEmployeeTextValidation" time="0.075">
    <failure type="java.lang.NullPointerException" message="Cannot invoke &amp;quot;org.openqa.selenium.WebDriver.findElement(org.openqa.selenium.By)&amp;quot; because &amp;quot;this.dr&amp;quot; is null">
      <![CDATA[java.lang.NullPointerException: Cannot invoke "org.openqa.selenium.WebDriver.findElement(org.openqa.selenium.By)" because "this.dr" is null
at com.OrangeHRM_Application.AddEmployeeFunctionality.AddEmployeeTextValidation(AddEmployeeFunctionality.java:29)
at java.base/java.util.ArrayList.forEach(ArrayList.java:1511)
... Removed 25 stack frames]]>
    </failure>
  </testcase> <!-- AddEmployeeTextValidation -->
  <testcase classname="com.OrangeHRM_Application.AddEmployeeFunctionality" name="AddEmployeeFuctionality" time="0.107">
    <failure type="java.lang.NullPointerException" message="Cannot invoke &amp;quot;org.openqa.selenium.WebDriver.findElement(org.openqa.selenium.By)&amp;quot; because &amp;quot;this.dr&amp;quot; is null">
      <![CDATA[java.lang.NullPointerException: Cannot invoke "org.openqa.selenium.WebDriver.findElement(org.openqa.selenium.By)" because "this.dr" is null
at com.OrangeHRM_Application.AddEmployeeFunctionality.AddEmployeeFuctionality(AddEmployeeFunctionality.java:72)
at java.base/java.util.ArrayList.forEach(ArrayList.java:1511)
... Removed 25 stack frames]]>
    </failure>
  </testcase> <!-- AddEmployeeFuctionality -->
  <testcase classname="com.OrangeHRM_Application.AddEmployeeFunctionality" name="ValidationOfEmployeeId" time="0.005">
    <failure type="java.lang.NullPointerException" message="Cannot invoke &amp;quot;org.openqa.selenium.WebDriver.findElement(org.openqa.selenium.By)&amp;quot; because &amp;quot;this.dr&amp;quot; is null">
      <![CDATA[java.lang.NullPointerException: Cannot invoke "org.openqa.selenium.WebDriver.findElement(org.openqa.selenium.By)" because "this.dr" is null
at com.OrangeHRM_Application.AddEmployeeFunctionality.ValidationOfEmployeeId(AddEmployeeFunctionality.java:87)
at java.base/java.util.ArrayList.forEach(ArrayList.java:1511)
... Removed 25 stack frames]]>
    </failure>
  </testcase> <!-- ValidationOfEmployeeId -->
  <testcase classname="com.OrangeHRM_Application.AddEmployeeFunctionality" name="ValidationOfFirstName" time="0.005">
    <failure type="java.lang.NullPointerException" message="Cannot invoke &amp;quot;org.openqa.selenium.WebDriver.findElement(org.openqa.selenium.By)&amp;quot; because &amp;quot;this.dr&amp;quot; is null">
      <![CDATA[java.lang.NullPointerException: Cannot invoke "org.openqa.selenium.WebDriver.findElement(org.openqa.selenium.By)" because "this.dr" is null
at com.OrangeHRM_Application.AddEmployeeFunctionality.ValidationOfFirstName(AddEmployeeFunctionality.java:145)
at java.base/java.util.ArrayList.forEach(ArrayList.java:1511)
... Removed 25 stack frames]]>
    </failure>
  </testcase> <!-- ValidationOfFirstName -->
  <testcase classname="com.OrangeHRM_Application.AddEmployeeFunctionality" name="ValidationOfMiddleName" time="0.012">
    <failure type="java.lang.NullPointerException" message="Cannot invoke &amp;quot;org.openqa.selenium.WebDriver.findElement(org.openqa.selenium.By)&amp;quot; because &amp;quot;this.dr&amp;quot; is null">
      <![CDATA[java.lang.NullPointerException: Cannot invoke "org.openqa.selenium.WebDriver.findElement(org.openqa.selenium.By)" because "this.dr" is null
at com.OrangeHRM_Application.AddEmployeeFunctionality.ValidationOfMiddleName(AddEmployeeFunctionality.java:180)
at java.base/java.util.ArrayList.forEach(ArrayList.java:1511)
... Removed 25 stack frames]]>
    </failure>
  </testcase> <!-- ValidationOfMiddleName -->
  <testcase classname="com.OrangeHRM_Application.AddEmployeeFunctionality" name="ValidationOfLastName" time="0.009">
    <failure type="java.lang.NullPointerException" message="Cannot invoke &amp;quot;org.openqa.selenium.WebDriver.findElement(org.openqa.selenium.By)&amp;quot; because &amp;quot;this.dr&amp;quot; is null">
      <![CDATA[java.lang.NullPointerException: Cannot invoke "org.openqa.selenium.WebDriver.findElement(org.openqa.selenium.By)" because "this.dr" is null
at com.OrangeHRM_Application.AddEmployeeFunctionality.ValidationOfLastName(AddEmployeeFunctionality.java:214)
at java.base/java.util.ArrayList.forEach(ArrayList.java:1511)
... Removed 25 stack frames]]>
    </failure>
  </testcase> <!-- ValidationOfLastName -->
  <testcase classname="com.OrangeHRM_Application.LoginFunctionality" name="ValidationOfLogInPage" time="0.117">
    <failure type="java.lang.NullPointerException" message="Cannot invoke &amp;quot;org.openqa.selenium.WebDriver.findElement(org.openqa.selenium.By)&amp;quot; because &amp;quot;this.dr&amp;quot; is null">
      <![CDATA[java.lang.NullPointerException: Cannot invoke "org.openqa.selenium.WebDriver.findElement(org.openqa.selenium.By)" because "this.dr" is null
at com.OrangeHRM_Application.LoginFunctionality.ValidationOfLogInPage(LoginFunctionality.java:56)
at java.base/java.util.ArrayList.forEach(ArrayList.java:1511)
... Removed 25 stack frames]]>
    </failure>
  </testcase> <!-- ValidationOfLogInPage -->
  <testcase classname="com.OrangeHRM_Application.LoginFunctionality" name="Login" time="0.066">
    <failure type="java.lang.NullPointerException" message="Cannot invoke &amp;quot;org.openqa.selenium.WebDriver.findElement(org.openqa.selenium.By)&amp;quot; because &amp;quot;this.dr&amp;quot; is null">
      <![CDATA[java.lang.NullPointerException: Cannot invoke "org.openqa.selenium.WebDriver.findElement(org.openqa.selenium.By)" because "this.dr" is null
at com.OrangeHRM_Application.LoginFunctionality.Login(LoginFunctionality.java:89)
at java.base/java.util.ArrayList.forEach(ArrayList.java:1511)
... Removed 25 stack frames]]>
    </failure>
  </testcase> <!-- Login -->
  <testcase classname="com.OrangeHRM_Application.LoginFunctionality" name="ValidationOfAdminText" time="0.062">
    <failure type="java.lang.NullPointerException" message="Cannot invoke &amp;quot;org.openqa.selenium.WebDriver.findElement(org.openqa.selenium.By)&amp;quot; because &amp;quot;this.dr&amp;quot; is null">
      <![CDATA[java.lang.NullPointerException: Cannot invoke "org.openqa.selenium.WebDriver.findElement(org.openqa.selenium.By)" because "this.dr" is null
at com.OrangeHRM_Application.LoginFunctionality.ValidationOfAdminText(LoginFunctionality.java:104)
at java.base/java.util.ArrayList.forEach(ArrayList.java:1511)
... Removed 25 stack frames]]>
    </failure>
  </testcase> <!-- ValidationOfAdminText -->
  <testcase classname="com.OrangeHRM_Application.LoginFunctionality" name="goThrowPIMandAddEmployee" time="0.008">
    <failure type="java.lang.NullPointerException" message="Cannot invoke &amp;quot;org.openqa.selenium.WebDriver.findElement(org.openqa.selenium.By)&amp;quot; because &amp;quot;this.dr&amp;quot; is null">
      <![CDATA[java.lang.NullPointerException: Cannot invoke "org.openqa.selenium.WebDriver.findElement(org.openqa.selenium.By)" because "this.dr" is null
at com.OrangeHRM_Application.LoginFunctionality.goThrowPIMandAddEmployee(LoginFunctionality.java:130)
at java.base/java.util.ArrayList.forEach(ArrayList.java:1511)
... Removed 25 stack frames]]>
    </failure>
  </testcase> <!-- goThrowPIMandAddEmployee -->
  <testcase classname="com.OrangeHRM_Application.AddEmployeeFunctionality" name="AddEmployeeTextValidation" time="0.078">
    <failure type="java.lang.NullPointerException" message="Cannot invoke &amp;quot;org.openqa.selenium.WebDriver.findElement(org.openqa.selenium.By)&amp;quot; because &amp;quot;this.dr&amp;quot; is null">
      <![CDATA[java.lang.NullPointerException: Cannot invoke "org.openqa.selenium.WebDriver.findElement(org.openqa.selenium.By)" because "this.dr" is null
at com.OrangeHRM_Application.AddEmployeeFunctionality.AddEmployeeTextValidation(AddEmployeeFunctionality.java:29)
at java.base/java.util.ArrayList.forEach(ArrayList.java:1511)
... Removed 25 stack frames]]>
    </failure>
  </testcase> <!-- AddEmployeeTextValidation -->
  <testcase classname="com.OrangeHRM_Application.AddEmployeeFunctionality" name="AddEmployeeFuctionality" time="0.067">
    <failure type="java.lang.NullPointerException" message="Cannot invoke &amp;quot;org.openqa.selenium.WebDriver.findElement(org.openqa.selenium.By)&amp;quot; because &amp;quot;this.dr&amp;quot; is null">
      <![CDATA[java.lang.NullPointerException: Cannot invoke "org.openqa.selenium.WebDriver.findElement(org.openqa.selenium.By)" because "this.dr" is null
at com.OrangeHRM_Application.AddEmployeeFunctionality.AddEmployeeFuctionality(AddEmployeeFunctionality.java:72)
at java.base/java.util.ArrayList.forEach(ArrayList.java:1511)
... Removed 25 stack frames]]>
    </failure>
  </testcase> <!-- AddEmployeeFuctionality -->
  <testcase classname="com.OrangeHRM_Application.AddEmployeeFunctionality" name="ValidationOfEmployeeId" time="0.008">
    <failure type="java.lang.NullPointerException" message="Cannot invoke &amp;quot;org.openqa.selenium.WebDriver.findElement(org.openqa.selenium.By)&amp;quot; because &amp;quot;this.dr&amp;quot; is null">
      <![CDATA[java.lang.NullPointerException: Cannot invoke "org.openqa.selenium.WebDriver.findElement(org.openqa.selenium.By)" because "this.dr" is null
at com.OrangeHRM_Application.AddEmployeeFunctionality.ValidationOfEmployeeId(AddEmployeeFunctionality.java:87)
at java.base/java.util.ArrayList.forEach(ArrayList.java:1511)
... Removed 25 stack frames]]>
    </failure>
  </testcase> <!-- ValidationOfEmployeeId -->
  <testcase classname="com.OrangeHRM_Application.AddEmployeeFunctionality" name="ValidationOfFirstName" time="0.009">
    <failure type="java.lang.NullPointerException" message="Cannot invoke &amp;quot;org.openqa.selenium.WebDriver.findElement(org.openqa.selenium.By)&amp;quot; because &amp;quot;this.dr&amp;quot; is null">
      <![CDATA[java.lang.NullPointerException: Cannot invoke "org.openqa.selenium.WebDriver.findElement(org.openqa.selenium.By)" because "this.dr" is null
at com.OrangeHRM_Application.AddEmployeeFunctionality.ValidationOfFirstName(AddEmployeeFunctionality.java:145)
at java.base/java.util.ArrayList.forEach(ArrayList.java:1511)
... Removed 25 stack frames]]>
    </failure>
  </testcase> <!-- ValidationOfFirstName -->
  <testcase classname="com.OrangeHRM_Application.AddEmployeeFunctionality" name="ValidationOfMiddleName" time="0.003">
    <failure type="java.lang.NullPointerException" message="Cannot invoke &amp;quot;org.openqa.selenium.WebDriver.findElement(org.openqa.selenium.By)&amp;quot; because &amp;quot;this.dr&amp;quot; is null">
      <![CDATA[java.lang.NullPointerException: Cannot invoke "org.openqa.selenium.WebDriver.findElement(org.openqa.selenium.By)" because "this.dr" is null
at com.OrangeHRM_Application.AddEmployeeFunctionality.ValidationOfMiddleName(AddEmployeeFunctionality.java:180)
at java.base/java.util.ArrayList.forEach(ArrayList.java:1511)
... Removed 25 stack frames]]>
    </failure>
  </testcase> <!-- ValidationOfMiddleName -->
  <testcase classname="com.OrangeHRM_Application.AddEmployeeFunctionality" name="ValidationOfLastName" time="0.002">
    <failure type="java.lang.NullPointerException" message="Cannot invoke &amp;quot;org.openqa.selenium.WebDriver.findElement(org.openqa.selenium.By)&amp;quot; because &amp;quot;this.dr&amp;quot; is null">
      <![CDATA[java.lang.NullPointerException: Cannot invoke "org.openqa.selenium.WebDriver.findElement(org.openqa.selenium.By)" because "this.dr" is null
at com.OrangeHRM_Application.AddEmployeeFunctionality.ValidationOfLastName(AddEmployeeFunctionality.java:214)
at java.base/java.util.ArrayList.forEach(ArrayList.java:1511)
... Removed 25 stack frames]]>
    </failure>
  </testcase> <!-- ValidationOfLastName -->
  <testcase classname="com.OrangeHRM_Application.SaveEmployeeListInExcel" name="ClickOnEmployeeList" time="0.004">
    <failure type="java.lang.NullPointerException" message="Cannot invoke &amp;quot;org.openqa.selenium.WebDriver.findElement(org.openqa.selenium.By)&amp;quot; because &amp;quot;this.dr&amp;quot; is null">
      <![CDATA[java.lang.NullPointerException: Cannot invoke "org.openqa.selenium.WebDriver.findElement(org.openqa.selenium.By)" because "this.dr" is null
at com.OrangeHRM_Application.SaveEmployeeListInExcel.ClickOnEmployeeList(SaveEmployeeListInExcel.java:21)
at java.base/java.util.ArrayList.forEach(ArrayList.java:1511)
... Removed 25 stack frames]]>
    </failure>
  </testcase> <!-- ClickOnEmployeeList -->
  <testcase classname="com.OrangeHRM_Application.SaveEmployeeListInExcel" name="CapturingEmployeeListIntoExcel" time="0.002">
    <failure type="java.lang.NullPointerException" message="Cannot invoke &amp;quot;org.openqa.selenium.WebDriver.findElement(org.openqa.selenium.By)&amp;quot; because &amp;quot;this.dr&amp;quot; is null">
      <![CDATA[java.lang.NullPointerException: Cannot invoke "org.openqa.selenium.WebDriver.findElement(org.openqa.selenium.By)" because "this.dr" is null
at com.OrangeHRM_Application.SaveEmployeeListInExcel.CapturingEmployeeListIntoExcel(SaveEmployeeListInExcel.java:31)
at java.base/java.util.ArrayList.forEach(ArrayList.java:1511)
... Removed 25 stack frames]]>
    </failure>
  </testcase> <!-- CapturingEmployeeListIntoExcel -->
  <testcase classname="com.OrangeHRM_Application.SaveEmployeeListInExcel" name="Logout" time="0.007">
    <failure type="java.lang.NullPointerException" message="Cannot invoke &amp;quot;org.openqa.selenium.WebDriver.findElement(org.openqa.selenium.By)&amp;quot; because &amp;quot;this.dr&amp;quot; is null">
      <![CDATA[java.lang.NullPointerException: Cannot invoke "org.openqa.selenium.WebDriver.findElement(org.openqa.selenium.By)" because "this.dr" is null
at com.OrangeHRM_Application.SaveEmployeeListInExcel.Logout(SaveEmployeeListInExcel.java:74)
at java.base/java.util.ArrayList.forEach(ArrayList.java:1511)
... Removed 25 stack frames]]>
    </failure>
  </testcase> <!-- Logout -->
  <testcase classname="com.OrangeHRM_Application.LoginFunctionality" name="@AfterTest teardown" time="0.0">
    <ignored/>
  </testcase> <!-- @AfterTest teardown -->
  <testcase classname="com.OrangeHRM_Application.LoginFunctionality" name="@AfterTest teardown" time="0.0">
    <ignored/>
  </testcase> <!-- @AfterTest teardown -->
  <testcase classname="com.OrangeHRM_Application.LoginFunctionality" name="@BeforeTest setup" time="0.0">
    <ignored/>
  </testcase> <!-- @BeforeTest setup -->
  <testcase classname="com.OrangeHRM_Application.LoginFunctionality" name="@BeforeTest setup" time="0.0">
    <ignored/>
  </testcase> <!-- @BeforeTest setup -->
</testsuite> <!-- ohrm -->
